Starting job for 1 node and 1 core

=======Top 5 happiest hours=========
Created time: 2025-01-01 0:00-1:00, Total sentiment score: 206.15209972304453
Created time: 2024-12-31 23:00-24:00, Total sentiment score: 187.4654766322017
Created time: 2025-01-01 5:00-6:00, Total sentiment score: 135.9252174344686
Created time: 2024-12-24 22:00-23:00, Total sentiment score: 117.28631361201214
Created time: 2024-12-25 15:00-16:00, Total sentiment score: 114.60195453225175

=======Top 5 saddest hours=========
Created time: 2024-11-06 7:00-8:00, Total sentiment score: -373.7672479738355
Created time: 2024-09-11 1:00-2:00, Total sentiment score: -305.57606693740973
Created time: 2025-01-30 17:00-18:00, Total sentiment score: -256.5684250419815
Created time: 2025-01-30 18:00-19:00, Total sentiment score: -226.9097197007265
Created time: 2025-02-03 16:00-17:00, Total sentiment score: -223.8334876843508

=======Top 5 happiest people=========
Account id: gameoflife, Username: 110237351908820391, Total sentiment score: 9105.741942204439
Account id: TheFigen_, Username: 112728392129924952, Total sentiment score: 2541.4742243891883
Account id: EmojiAquarium, Username: 113441357479871732, Total sentiment score: 2086.456737951586
Account id: choochoo, Username: 113541715572887376, Total sentiment score: 1978.7431011025412
Account id: hnbot, Username: 110006430181118061, Total sentiment score: 1917.7935878054238

=======Top 5 saddest people=========
Account id: realTuckFrumper, Username: 109521050152429017, Total sentiment score: -9094.081275454228
Account id: uavideos, Username: 109471254002284799, Total sentiment score: -5901.960347559795
Account id: TheHindu, Username: 113443732887173058, Total sentiment score: -5710.722600655963
Account id: uutisbot, Username: 111873606251312850, Total sentiment score: -4066.1381701383198
Account id: MissingYou, Username: 112071598249945636, Total sentiment score: -3341.603338119557

Total Execution Time: 6581.090 seconds

IMP: my-job-stats backend services are currently experiencing network related issues.
While we are investigating the rootcause, the job resource usage metrics may not be uptodate or show negative values 

Job ID           : 7742735
Cluster          : spartan
User/Project     : xinjieg1/comp90024
Nodes            : 1
Wall-clock time  : 01:49:49 / 1-00:00:00

Displaying overall resources usage from 2025-04-05 02:07:23 to 2025-04-05 03:57:12:

NODE            CPU#        TOT%   ( USR   / SYS   / WIO   / IDLE  ) 

spartan-bm023 : 
                CPU# 1    : 99.9   (  96.2 /   3.7 /   0.0 /   0.1 ) 


Allocated CPUs            : 1    
  CPUs with usage <25%    : 0    
  CPUs with usage <50%    : 0    
  CPUs with usage >50%    : 1    

Memory used (RAM)         : 0.1%  [5MB of 4195MB]

--------------------------------------------

